================================================================================
TEST FAILURE REPORT
================================================================================
Generated: 2026-01-09T10:43:19.650Z
Total Failures: 1
================================================================================

FAILURE #1
--------------------------------------------------------------------------------
Test Suite: Specific Hindi Content Texts
Test Name: Hindi Second FAQ
Language: hi
Timestamp: 2026-01-09T10:43:19.649Z
Error: [2mexpect([22m[31mreceived[39m[2m).[22mtoBeTruthy[2m()[22m

Received: [31mfalse[39m

EXPECTED:
true

ACTUAL:
false

--------------------------------------------------------------------------------

